<?xml version="1.0" encoding="UTF-8"?>
<!-- Generated by org.testng.reporters.JUnitReportReporter -->
<testsuite hostname="MSI" failures="0" tests="2" name="testCases.NopComm_Test" time="17.335" errors="0" timestamp="2025-09-04T16:22:30 IST" skipped="0">
  <testcase classname="testCases.NopComm_Test" name="registerTest" time="3.947"/>
  <testcase classname="testCases.NopComm_Test" name="logInTest" time="13.388"/>
</testsuite> <!-- testCases.NopComm_Test -->
