<?xml version="1.0" encoding="UTF-8"?>
<!-- Generated by org.testng.reporters.JUnitReportReporter -->
<testsuite hostname="MSI" failures="0" tests="1" name="base.BaseTest" time="0.012" errors="0" timestamp="2025-09-04T13:15:42 IST" skipped="0">
  <testcase classname="base.BaseTest" name="log" time="0.012"/>
</testsuite> <!-- base.BaseTest -->
