<?xml version="1.0" encoding="UTF-8"?>
<!-- Generated by org.testng.reporters.JUnitReportReporter -->
<testsuite hostname="MSI" failures="0" tests="2" name="base.LoginTest" time="0.016" errors="0" timestamp="2025-09-04T13:24:20 IST" skipped="0">
  <testcase classname="base.LoginTest" name="register" time="0.003"/>
  <testcase classname="base.LoginTest" name="login" time="0.013"/>
</testsuite> <!-- base.LoginTest -->
