<?xml version="1.0" encoding="UTF-8"?>
<!-- Generated by org.testng.reporters.JUnitReportReporter -->
<testsuite hostname="MSI" failures="0" tests="1" name="testCases.LoginTest" time="0.012" errors="0" timestamp="2025-09-04T13:28:24 IST" skipped="0">
  <testcase classname="testCases.LoginTest" name="login" time="0.012"/>
</testsuite> <!-- testCases.LoginTest -->
