<?xml version="1.0" encoding="UTF-8"?>
<!-- Generated by org.testng.reporters.JUnitReportReporter -->
<testsuite hostname="MSI" failures="0" tests="1" name="testCases.RegisterTest" time="0.887" errors="0" timestamp="2025-09-04T13:37:29 IST" skipped="0">
  <testcase classname="testCases.RegisterTest" name="register" time="0.887"/>
</testsuite> <!-- testCases.RegisterTest -->
