<?xml version="1.0" encoding="UTF-8"?>
<!-- Generated by org.testng.reporters.JUnitReportReporter -->
<testsuite hostname="MSI" failures="0" tests="8" name="testCases.Tests_NopCommerce" time="67.341" errors="0" timestamp="2025-09-08T13:11:55 IST" skipped="0">
  <testcase classname="testCases.Tests_NopCommerce" name="registerTest" time="15.569"/>
  <testcase classname="testCases.Tests_NopCommerce" name="logInTest" time="10.586"/>
  <testcase classname="testCases.Tests_NopCommerce" name="nopCommerceSubmodules" time="3.627"/>
  <testcase classname="testCases.Tests_NopCommerce" name="checkSubmodulesOfElectronicsAreVisible" time="5.262"/>
  <testcase classname="testCases.Tests_NopCommerce" name="verifyCellPhoneAndSelectPhone" time="7.660"/>
  <testcase classname="testCases.Tests_NopCommerce" name="checkDescriptionSetQuantityAndAddressAddTocart" time="5.449"/>
  <testcase classname="testCases.Tests_NopCommerce" name="verifyShOppingCartTestCase" time="3.986"/>
  <testcase classname="testCases.Tests_NopCommerce" name="verifyCheckoutProcessTestCase" time="15.202"/>
</testsuite> <!-- testCases.Tests_NopCommerce -->
