<?xml version="1.0" encoding="UTF-8"?>
<!-- Generated by org.testng.reporters.JUnitReportReporter -->
<testsuite hostname="MSI" failures="0" tests="3" name="testCases.Test_NopCommerce" time="9.144" errors="0" timestamp="2025-09-04T23:14:45 IST" skipped="0">
  <testcase classname="testCases.Test_NopCommerce" name="registerTest" time="2.254"/>
  <testcase classname="testCases.Test_NopCommerce" name="logInTest" time="3.128"/>
  <testcase classname="testCases.Test_NopCommerce" name="nopCommerceSubmodules" time="3.762"/>
</testsuite> <!-- testCases.Test_NopCommerce -->
