<?xml version="1.0" encoding="UTF-8"?>
<!-- Generated by org.testng.reporters.JUnitReportReporter -->
<testsuite hostname="MSI" failures="0" tests="1" name="testDemo1.Demo1" time="0.015" errors="0" timestamp="2025-08-12T16:24:07 IST" skipped="0">
  <testcase classname="testDemo1.Demo1" name="add" time="0.015"/>
</testsuite> <!-- testDemo1.Demo1 -->
