<?xml version="1.0" encoding="UTF-8"?>
<!-- Generated by org.testng.reporters.JUnitReportReporter -->
<testsuite hostname="MSI" failures="0" tests="1" name="Day_24.DataProvider" time="1.828" errors="0" timestamp="2025-08-16T10:09:04 IST" skipped="0">
  <testcase classname="Day_24.DataProvider" name="logIn" time="1.828"/>
</testsuite> <!-- Day_24.DataProvider -->
