<?xml version="1.0" encoding="UTF-8"?>
<!-- Generated by org.testng.reporters.JUnitReportReporter -->
<testsuite hostname="MSI" failures="0" tests="2" name="Day_24.Excel_Integration_Practice" time="11.006" errors="0" timestamp="2025-08-21T16:12:07 IST" skipped="0">
  <testcase classname="Day_24.Excel_Integration_Practice" name="logIn" time="5.087"/>
  <testcase classname="Day_24.Excel_Integration_Practice" name="logIn" time="5.919"/>
</testsuite> <!-- Day_24.Excel_Integration_Practice -->
