<?xml version="1.0" encoding="UTF-8"?>
<!-- Generated by org.testng.reporters.JUnitReportReporter -->
<testsuite hostname="MSI" failures="0" tests="1" name="Day_29.Multiple_Window_Handle" time="9.680" errors="0" timestamp="2025-08-22T17:25:37 IST" skipped="0">
  <testcase classname="Day_29.Multiple_Window_Handle" name="handleWindow" time="9.680"/>
</testsuite> <!-- Day_29.Multiple_Window_Handle -->
