<?xml version="1.0" encoding="UTF-8"?>
<!-- Generated by org.testng.reporters.JUnitReportReporter -->
<testsuite hostname="MSI" failures="0" tests="2" name="testDemo1.Annotations" time="3.904" errors="0" timestamp="2025-08-13T11:11:57 IST" skipped="0">
  <testcase classname="testDemo1.Annotations" name="verifyPage" time="1.598"/>
  <testcase classname="testDemo1.Annotations" name="loginTest" time="2.306"/>
</testsuite> <!-- testDemo1.Annotations -->
