<?xml version="1.0" encoding="UTF-8"?>
<!-- Generated by org.testng.reporters.JUnitReportReporter -->
<testsuite hostname="MSI" failures="0" tests="2" name="Day_24.DataProviderNew" time="9.335" errors="0" timestamp="2025-08-21T15:40:59 IST" skipped="0">
  <testcase classname="Day_24.DataProviderNew" name="logIn" time="3.973"/>
  <testcase classname="Day_24.DataProviderNew" name="logIn" time="5.362"/>
</testsuite> <!-- Day_24.DataProviderNew -->
