<?xml version="1.0" encoding="UTF-8"?>
<!-- Generated by org.testng.reporters.JUnitReportReporter -->
<testsuite hostname="MSI" failures="0" tests="2" name="Day_26.ParallelTestDemo2" time="0.012" errors="0" timestamp="2025-08-21T17:24:59 IST" skipped="0">
  <testcase classname="Day_26.ParallelTestDemo2" name="test2" time="0.001"/>
  <testcase classname="Day_26.ParallelTestDemo2" name="test1" time="0.011"/>
</testsuite> <!-- Day_26.ParallelTestDemo2 -->
