<?xml version="1.0" encoding="UTF-8"?>
<!-- Generated by org.testng.reporters.JUnitReportReporter -->
<testsuite hostname="MSI" failures="0" tests="2" name="testDemo1.Application1" time="4.124" errors="0" timestamp="2025-08-13T11:11:57 IST" skipped="0">
  <testcase classname="testDemo1.Application1" name="registerNewUser" time="3.297"/>
  <testcase classname="testDemo1.Application1" name="launchGoogle" time="0.827"/>
</testsuite> <!-- testDemo1.Application1 -->
