<?xml version="1.0" encoding="UTF-8"?>
<!-- Generated by org.testng.reporters.JUnitReportReporter -->
<testsuite hostname="MSI" failures="0" tests="1" name="Day_27.DatePicker_Practice" time="12.156" errors="0" timestamp="2025-08-22T17:08:04 IST" skipped="0">
  <testcase classname="Day_27.DatePicker_Practice" name="DatePickerTest" time="12.156"/>
</testsuite> <!-- Day_27.DatePicker_Practice -->
