<?xml version="1.0" encoding="UTF-8"?>
<!-- Generated by org.testng.reporters.JUnitReportReporter -->
<testsuite hostname="MSI" failures="0" tests="2" name="Day_21_TestDemo.Application1" time="5.868" errors="0" timestamp="2025-08-16T16:55:17 IST" skipped="0">
  <testcase classname="Day_21_TestDemo.Application1" name="launchGoogle" time="1.963"/>
  <testcase classname="Day_21_TestDemo.Application1" name="registerNewUser" time="3.905"/>
</testsuite> <!-- Day_21_TestDemo.Application1 -->
