<?xml version="1.0" encoding="UTF-8"?>
<!-- Generated by org.testng.reporters.JUnitReportReporter -->
<testsuite hostname="MSI" failures="0" tests="2" name="Day_24.DataProviderNew" time="9.886" errors="0" timestamp="2025-08-16T13:42:06 IST" skipped="0">
  <testcase classname="Day_24.DataProviderNew" name="logIn" time="6.092"/>
  <testcase classname="Day_24.DataProviderNew" name="logIn" time="3.794"/>
</testsuite> <!-- Day_24.DataProviderNew -->
