<?xml version="1.0" encoding="UTF-8"?>
<!-- Generated by org.testng.reporters.JUnitReportReporter -->
<testsuite hostname="MSI" failures="0" tests="1" name="Day_28_POM.LogIn_Test" time="5.242" errors="0" timestamp="2025-08-21T18:50:57 IST" skipped="0">
  <testcase classname="Day_28_POM.LogIn_Test" name="logIn" time="5.242"/>
</testsuite> <!-- Day_28_POM.LogIn_Test -->
