<?xml version="1.0" encoding="UTF-8"?>
<!-- Generated by org.testng.reporters.JUnitReportReporter -->
<testsuite hostname="MSI" failures="0" tests="1" name="Day_27.IFrame_Practice" time="3.573" errors="0" timestamp="2025-08-22T15:14:21 IST" skipped="0">
  <testcase classname="Day_27.IFrame_Practice" name="serachInFrame1" time="3.573"/>
</testsuite> <!-- Day_27.IFrame_Practice -->
