<?xml version="1.0" encoding="UTF-8"?>
<!-- Generated by org.testng.reporters.JUnitReportReporter -->
<testsuite hostname="MSI" failures="0" tests="3" name="Day_24.Report_Practice" time="7.252" errors="0" timestamp="2025-08-18T10:28:22 IST" skipped="0">
  <testcase classname="Day_24.Report_Practice" name="setup" time="1.671">
    <system-out>
      <![CDATA[Driver setup and browser maximized.]]>
    </system-out>
  </testcase> <!-- setup -->
  <testcase classname="Day_24.Report_Practice" name="verifyHomePageTitle" time="2.877">
    <system-out>
      <![CDATA[Navigated to Demo Web Shop home page.
Verified home page title successfully.]]>
    </system-out>
  </testcase> <!-- verifyHomePageTitle -->
  <testcase classname="Day_24.Report_Practice" name="logIn" time="2.704">
    <system-out>
      <![CDATA[Verified login page and now it's logging in.]]>
    </system-out>
  </testcase> <!-- logIn -->
  <system-out>
    <![CDATA[Driver setup and browser maximized.
Navigated to Demo Web Shop home page.
Verified home page title successfully.
Verified login page and now it's logging in.]]>
  </system-out>
</testsuite> <!-- Day_24.Report_Practice -->
