<?xml version="1.0" encoding="UTF-8"?>
<!-- Generated by org.testng.reporters.JUnitReportReporter -->
<testsuite hostname="MSI" failures="0" tests="3" name="com.letskodeit.testclasses.AllCoursesTest" time="12.858" errors="0" timestamp="2025-08-28T18:03:42 IST" skipped="1">
  <testcase classname="com.letskodeit.testclasses.AllCoursesTest" name="searchCourse" time="3.453"/>
  <testcase classname="com.letskodeit.testclasses.AllCoursesTest" name="searchCourse" time="9.405"/>
  <testcase classname="com.letskodeit.testclasses.AllCoursesTest" name="filterByCategory">
    <skipped/>
  </testcase> <!-- filterByCategory -->
</testsuite> <!-- com.letskodeit.testclasses.AllCoursesTest -->
