<?xml version="1.0" encoding="UTF-8"?>
<!-- Generated by org.testng.reporters.JUnitReportReporter -->
<testsuite hostname="MSI" failures="0" tests="3" name="Day_26.SelectBox_Dropdown" time="6.389" errors="0" timestamp="2025-08-20T15:28:05 IST" skipped="0">
  <testcase classname="Day_26.SelectBox_Dropdown" name="logIn" time="3.851"/>
  <testcase classname="Day_26.SelectBox_Dropdown" name="clickShoppingCart" time="1.797"/>
  <testcase classname="Day_26.SelectBox_Dropdown" name="countryDropDown" time="0.741"/>
</testsuite> <!-- Day_26.SelectBox_Dropdown -->
