<?xml version="1.0" encoding="UTF-8"?>
<!-- Generated by org.testng.reporters.JUnitReportReporter -->
<testsuite hostname="MSI" failures="0" tests="1" name="Day_29.Alert_Boxes_Practice" time="12.700" errors="0" timestamp="2025-08-22T18:17:17 IST" skipped="0">
  <testcase classname="Day_29.Alert_Boxes_Practice" name="allAlerts" time="12.700"/>
</testsuite> <!-- Day_29.Alert_Boxes_Practice -->
