<?xml version="1.0" encoding="UTF-8"?>
<!-- Generated by org.testng.reporters.JUnitReportReporter -->
<testsuite hostname="MSI" failures="0" tests="5" name="Day_22_DemoWebShop.Practice_DemoShop" time="6.783" errors="0" timestamp="2025-08-16T18:58:29 IST" skipped="0">
  <testcase classname="Day_22_DemoWebShop.Practice_DemoShop" name="logIn" time="3.575"/>
  <testcase classname="Day_22_DemoWebShop.Practice_DemoShop" name="clickBook" time="1.535"/>
  <testcase classname="Day_22_DemoWebShop.Practice_DemoShop" name="selectBooks" time="1.203"/>
  <testcase classname="Day_22_DemoWebShop.Practice_DemoShop" name="settingQuantity" time="0.296"/>
  <testcase classname="Day_22_DemoWebShop.Practice_DemoShop" name="addToCart" time="0.174"/>
</testsuite> <!-- Day_22_DemoWebShop.Practice_DemoShop -->
