<?xml version="1.0" encoding="UTF-8"?>
<!-- Generated by org.testng.reporters.JUnitReportReporter -->
<testsuite hostname="MSI" failures="0" tests="2" name="com.letskodeit.testclasses.AllCoursesTest" time="18.283" errors="0" timestamp="2025-08-23T18:42:44 IST" skipped="0">
  <testcase classname="com.letskodeit.testclasses.AllCoursesTest" name="searchCourse" time="11.584"/>
  <testcase classname="com.letskodeit.testclasses.AllCoursesTest" name="filterByCategory" time="6.699"/>
</testsuite> <!-- com.letskodeit.testclasses.AllCoursesTest -->
