<?xml version="1.0" encoding="UTF-8"?>
<!-- Generated by org.testng.reporters.JUnitReportReporter -->
<testsuite hostname="MSI" failures="0" tests="2" name="Day_21_TestDemo.Annotations" time="4.535" errors="0" timestamp="2025-08-13T18:12:07 IST" skipped="0">
  <testcase classname="Day_21_TestDemo.Annotations" name="verifyPage" time="1.825"/>
  <testcase classname="Day_21_TestDemo.Annotations" name="loginTest" time="2.710"/>
</testsuite> <!-- Day_21_TestDemo.Annotations -->
