<?xml version="1.0" encoding="UTF-8"?>
<!-- Generated by org.testng.reporters.JUnitReportReporter -->
<testsuite hostname="MSI" failures="0" tests="5" name="DemoWebShop.Practice_DemoShop" time="4.640" errors="0" timestamp="2025-08-13T16:38:31 IST" skipped="0">
  <testcase classname="DemoWebShop.Practice_DemoShop" name="logIn" time="2.493"/>
  <testcase classname="DemoWebShop.Practice_DemoShop" name="clickBook" time="0.967"/>
  <testcase classname="DemoWebShop.Practice_DemoShop" name="selectBooks" time="0.890"/>
  <testcase classname="DemoWebShop.Practice_DemoShop" name="settingQuantity" time="0.151"/>
  <testcase classname="DemoWebShop.Practice_DemoShop" name="addToCart" time="0.139"/>
</testsuite> <!-- DemoWebShop.Practice_DemoShop -->
