<?xml version="1.0" encoding="UTF-8"?>
<!-- Generated by org.testng.reporters.JUnitReportReporter -->
<testsuite hostname="MSI" failures="0" tests="2" name="Day_24.DataProvider_Practice" time="12.090" errors="0" timestamp="2025-08-16T13:42:50 IST" skipped="0">
  <testcase classname="Day_24.DataProvider_Practice" name="logIn" time="6.340"/>
  <testcase classname="Day_24.DataProvider_Practice" name="logIn" time="5.750"/>
</testsuite> <!-- Day_24.DataProvider_Practice -->
