<?xml version="1.0" encoding="UTF-8"?>
<!-- Generated by org.testng.reporters.JUnitReportReporter -->
<testsuite hostname="MSI" failures="0" tests="1" name="runner.TestRunner" time="25.225" errors="0" timestamp="2025-08-23T11:43:41 IST" skipped="0">
  <testcase classname="runner.TestRunner" name="runScenario" time="25.225"/>
</testsuite> <!-- runner.TestRunner -->
