<?xml version="1.0" encoding="UTF-8"?>
<!-- Generated by org.testng.reporters.JUnitReportReporter -->
<testsuite hostname="MSI" failures="0" tests="2" name="runner.TestRunner" time="11.610" errors="0" timestamp="2025-08-20T17:50:56 IST" skipped="0">
  <testcase classname="runner.TestRunner" name="runScenario" time="6.974"/>
  <testcase classname="runner.TestRunner" name="runScenario" time="4.636"/>
</testsuite> <!-- runner.TestRunner -->
