<?xml version="1.0" encoding="UTF-8"?>
<!-- Generated by org.testng.reporters.JUnitReportReporter -->
<testsuite hostname="MSI" failures="0" tests="1" name="runner.TestRunner" time="0.088" errors="0" timestamp="2025-08-21T22:00:40 IST" skipped="0">
  <testcase classname="runner.TestRunner" name="runScenario" time="0.088"/>
</testsuite> <!-- runner.TestRunner -->
